INFO - 2024-06-02 00:00:40 --> Session: Class initialized using 'CodeIgniter\Session\Handlers\FileHandler' driver.
INFO - 2024-06-02 00:00:43 --> Session: Class initialized using 'CodeIgniter\Session\Handlers\FileHandler' driver.
INFO - 2024-06-02 00:00:47 --> Session: Class initialized using 'CodeIgniter\Session\Handlers\FileHandler' driver.
INFO - 2024-06-02 00:00:47 --> Session: Class initialized using 'CodeIgniter\Session\Handlers\FileHandler' driver.
INFO - 2024-06-02 00:00:54 --> Session: Class initialized using 'CodeIgniter\Session\Handlers\FileHandler' driver.
INFO - 2024-06-02 00:00:54 --> Session: Class initialized using 'CodeIgniter\Session\Handlers\FileHandler' driver.
ERROR - 2024-06-02 00:00:58 --> mysqli_sql_exception: Unknown column 'cap.capacidad' in 'field list' in C:\xampp\htdocs\sistema-greenhouse\system\Database\MySQLi\Connection.php:308
Stack trace:
#0 C:\xampp\htdocs\sistema-greenhouse\system\Database\MySQLi\Connection.php(308): mysqli->query('CALL ConsultarC...', 0)
#1 C:\xampp\htdocs\sistema-greenhouse\system\Database\BaseConnection.php(722): CodeIgniter\Database\MySQLi\Connection->execute('CALL ConsultarC...')
#2 C:\xampp\htdocs\sistema-greenhouse\system\Database\BaseConnection.php(636): CodeIgniter\Database\BaseConnection->simpleQuery('CALL ConsultarC...')
#3 C:\xampp\htdocs\sistema-greenhouse\app\Models\CabañaModel.php(26): CodeIgniter\Database\BaseConnection->query('CALL ConsultarC...', Array)
#4 C:\xampp\htdocs\sistema-greenhouse\app\Controllers\Cabaña.php(16): App\Models\CabañaModel->consultarCabañas('2024-06-03', '2024-06-05')
#5 C:\xampp\htdocs\sistema-greenhouse\system\CodeIgniter.php(933): App\Controllers\Cabaña->ver_cabañas()
#6 C:\xampp\htdocs\sistema-greenhouse\system\CodeIgniter.php(509): CodeIgniter\CodeIgniter->runController(Object(App\Controllers\Cabaña))
#7 C:\xampp\htdocs\sistema-greenhouse\system\CodeIgniter.php(355): CodeIgniter\CodeIgniter->handleRequest(NULL, Object(Config\Cache), false)
#8 C:\xampp\htdocs\sistema-greenhouse\system\Boot.php(312): CodeIgniter\CodeIgniter->run()
#9 C:\xampp\htdocs\sistema-greenhouse\system\Boot.php(67): CodeIgniter\Boot::runCodeIgniter(Object(CodeIgniter\CodeIgniter))
#10 C:\xampp\htdocs\sistema-greenhouse\index.php(56): CodeIgniter\Boot::bootWeb(Object(Config\Paths))
#11 {main}
CRITICAL - 2024-06-02 00:00:58 --> CodeIgniter\Database\Exceptions\DatabaseException: Unknown column 'cap.capacidad' in 'field list'
[Method: POST, Route: consultar-cabanas]
in SYSTEMPATH\Database\BaseConnection.php on line 676.
 1 APPPATH\Models\CabañaModel.php(26): CodeIgniter\Database\BaseConnection->query('CALL ConsultarCabañas(?, ?)', [...])
 2 APPPATH\Controllers\Cabaña.php(16): App\Models\CabañaModel->consultarCabañas('2024-06-03', '2024-06-05')
 3 SYSTEMPATH\CodeIgniter.php(933): App\Controllers\Cabaña->ver_cabañas()
 4 SYSTEMPATH\CodeIgniter.php(509): CodeIgniter\CodeIgniter->runController(Object(App\Controllers\Cabaña))
 5 SYSTEMPATH\CodeIgniter.php(355): CodeIgniter\CodeIgniter->handleRequest(null, Object(Config\Cache), false)
 6 SYSTEMPATH\Boot.php(312): CodeIgniter\CodeIgniter->run()
 7 SYSTEMPATH\Boot.php(67): CodeIgniter\Boot::runCodeIgniter(Object(CodeIgniter\CodeIgniter))
 8 FCPATH\index.php(56): CodeIgniter\Boot::bootWeb(Object(Config\Paths))
CRITICAL - 2024-06-02 00:00:58 --> [Caused by] CodeIgniter\Database\Exceptions\DatabaseException: Unknown column 'cap.capacidad' in 'field list'
in SYSTEMPATH\Database\MySQLi\Connection.php on line 313.
 1 SYSTEMPATH\Database\BaseConnection.php(722): CodeIgniter\Database\MySQLi\Connection->execute('CALL ConsultarCabañas(\'2024-06-03\', \'2024-06-05\')')
 2 SYSTEMPATH\Database\BaseConnection.php(636): CodeIgniter\Database\BaseConnection->simpleQuery('CALL ConsultarCabañas(\'2024-06-03\', \'2024-06-05\')')
 3 APPPATH\Models\CabañaModel.php(26): CodeIgniter\Database\BaseConnection->query('CALL ConsultarCabañas(?, ?)', [...])
 4 APPPATH\Controllers\Cabaña.php(16): App\Models\CabañaModel->consultarCabañas('2024-06-03', '2024-06-05')
 5 SYSTEMPATH\CodeIgniter.php(933): App\Controllers\Cabaña->ver_cabañas()
 6 SYSTEMPATH\CodeIgniter.php(509): CodeIgniter\CodeIgniter->runController(Object(App\Controllers\Cabaña))
 7 SYSTEMPATH\CodeIgniter.php(355): CodeIgniter\CodeIgniter->handleRequest(null, Object(Config\Cache), false)
 8 SYSTEMPATH\Boot.php(312): CodeIgniter\CodeIgniter->run()
 9 SYSTEMPATH\Boot.php(67): CodeIgniter\Boot::runCodeIgniter(Object(CodeIgniter\CodeIgniter))
10 FCPATH\index.php(56): CodeIgniter\Boot::bootWeb(Object(Config\Paths))
CRITICAL - 2024-06-02 00:00:58 --> [Caused by] mysqli_sql_exception: Unknown column 'cap.capacidad' in 'field list'
in SYSTEMPATH\Database\MySQLi\Connection.php on line 308.
 1 SYSTEMPATH\Database\MySQLi\Connection.php(308): mysqli->query('CALL ConsultarCabañas(\'2024-06-03\', \'2024-06-05\')', 0)
 2 SYSTEMPATH\Database\BaseConnection.php(722): CodeIgniter\Database\MySQLi\Connection->execute('CALL ConsultarCabañas(\'2024-06-03\', \'2024-06-05\')')
 3 SYSTEMPATH\Database\BaseConnection.php(636): CodeIgniter\Database\BaseConnection->simpleQuery('CALL ConsultarCabañas(\'2024-06-03\', \'2024-06-05\')')
 4 APPPATH\Models\CabañaModel.php(26): CodeIgniter\Database\BaseConnection->query('CALL ConsultarCabañas(?, ?)', [...])
 5 APPPATH\Controllers\Cabaña.php(16): App\Models\CabañaModel->consultarCabañas('2024-06-03', '2024-06-05')
 6 SYSTEMPATH\CodeIgniter.php(933): App\Controllers\Cabaña->ver_cabañas()
 7 SYSTEMPATH\CodeIgniter.php(509): CodeIgniter\CodeIgniter->runController(Object(App\Controllers\Cabaña))
 8 SYSTEMPATH\CodeIgniter.php(355): CodeIgniter\CodeIgniter->handleRequest(null, Object(Config\Cache), false)
 9 SYSTEMPATH\Boot.php(312): CodeIgniter\CodeIgniter->run()
10 SYSTEMPATH\Boot.php(67): CodeIgniter\Boot::runCodeIgniter(Object(CodeIgniter\CodeIgniter))
11 FCPATH\index.php(56): CodeIgniter\Boot::bootWeb(Object(Config\Paths))
INFO - 2024-06-02 00:06:30 --> Session: Class initialized using 'CodeIgniter\Session\Handlers\FileHandler' driver.
ERROR - 2024-06-02 00:06:32 --> mysqli_sql_exception: Unknown column 'cap.capacidad' in 'field list' in C:\xampp\htdocs\sistema-greenhouse\system\Database\MySQLi\Connection.php:308
Stack trace:
#0 C:\xampp\htdocs\sistema-greenhouse\system\Database\MySQLi\Connection.php(308): mysqli->query('CALL ConsultarC...', 0)
#1 C:\xampp\htdocs\sistema-greenhouse\system\Database\BaseConnection.php(722): CodeIgniter\Database\MySQLi\Connection->execute('CALL ConsultarC...')
#2 C:\xampp\htdocs\sistema-greenhouse\system\Database\BaseConnection.php(636): CodeIgniter\Database\BaseConnection->simpleQuery('CALL ConsultarC...')
#3 C:\xampp\htdocs\sistema-greenhouse\app\Models\CabañaModel.php(26): CodeIgniter\Database\BaseConnection->query('CALL ConsultarC...', Array)
#4 C:\xampp\htdocs\sistema-greenhouse\app\Controllers\Cabaña.php(16): App\Models\CabañaModel->consultarCabañas('2024-06-03', '2024-06-05')
#5 C:\xampp\htdocs\sistema-greenhouse\system\CodeIgniter.php(933): App\Controllers\Cabaña->ver_cabañas()
#6 C:\xampp\htdocs\sistema-greenhouse\system\CodeIgniter.php(509): CodeIgniter\CodeIgniter->runController(Object(App\Controllers\Cabaña))
#7 C:\xampp\htdocs\sistema-greenhouse\system\CodeIgniter.php(355): CodeIgniter\CodeIgniter->handleRequest(NULL, Object(Config\Cache), false)
#8 C:\xampp\htdocs\sistema-greenhouse\system\Boot.php(312): CodeIgniter\CodeIgniter->run()
#9 C:\xampp\htdocs\sistema-greenhouse\system\Boot.php(67): CodeIgniter\Boot::runCodeIgniter(Object(CodeIgniter\CodeIgniter))
#10 C:\xampp\htdocs\sistema-greenhouse\index.php(56): CodeIgniter\Boot::bootWeb(Object(Config\Paths))
#11 {main}
CRITICAL - 2024-06-02 00:06:32 --> CodeIgniter\Database\Exceptions\DatabaseException: Unknown column 'cap.capacidad' in 'field list'
[Method: POST, Route: consultar-cabanas]
in SYSTEMPATH\Database\BaseConnection.php on line 676.
 1 APPPATH\Models\CabañaModel.php(26): CodeIgniter\Database\BaseConnection->query('CALL ConsultarCabañas(?, ?)', [...])
 2 APPPATH\Controllers\Cabaña.php(16): App\Models\CabañaModel->consultarCabañas('2024-06-03', '2024-06-05')
 3 SYSTEMPATH\CodeIgniter.php(933): App\Controllers\Cabaña->ver_cabañas()
 4 SYSTEMPATH\CodeIgniter.php(509): CodeIgniter\CodeIgniter->runController(Object(App\Controllers\Cabaña))
 5 SYSTEMPATH\CodeIgniter.php(355): CodeIgniter\CodeIgniter->handleRequest(null, Object(Config\Cache), false)
 6 SYSTEMPATH\Boot.php(312): CodeIgniter\CodeIgniter->run()
 7 SYSTEMPATH\Boot.php(67): CodeIgniter\Boot::runCodeIgniter(Object(CodeIgniter\CodeIgniter))
 8 FCPATH\index.php(56): CodeIgniter\Boot::bootWeb(Object(Config\Paths))
CRITICAL - 2024-06-02 00:06:32 --> [Caused by] CodeIgniter\Database\Exceptions\DatabaseException: Unknown column 'cap.capacidad' in 'field list'
in SYSTEMPATH\Database\MySQLi\Connection.php on line 313.
 1 SYSTEMPATH\Database\BaseConnection.php(722): CodeIgniter\Database\MySQLi\Connection->execute('CALL ConsultarCabañas(\'2024-06-03\', \'2024-06-05\')')
 2 SYSTEMPATH\Database\BaseConnection.php(636): CodeIgniter\Database\BaseConnection->simpleQuery('CALL ConsultarCabañas(\'2024-06-03\', \'2024-06-05\')')
 3 APPPATH\Models\CabañaModel.php(26): CodeIgniter\Database\BaseConnection->query('CALL ConsultarCabañas(?, ?)', [...])
 4 APPPATH\Controllers\Cabaña.php(16): App\Models\CabañaModel->consultarCabañas('2024-06-03', '2024-06-05')
 5 SYSTEMPATH\CodeIgniter.php(933): App\Controllers\Cabaña->ver_cabañas()
 6 SYSTEMPATH\CodeIgniter.php(509): CodeIgniter\CodeIgniter->runController(Object(App\Controllers\Cabaña))
 7 SYSTEMPATH\CodeIgniter.php(355): CodeIgniter\CodeIgniter->handleRequest(null, Object(Config\Cache), false)
 8 SYSTEMPATH\Boot.php(312): CodeIgniter\CodeIgniter->run()
 9 SYSTEMPATH\Boot.php(67): CodeIgniter\Boot::runCodeIgniter(Object(CodeIgniter\CodeIgniter))
10 FCPATH\index.php(56): CodeIgniter\Boot::bootWeb(Object(Config\Paths))
CRITICAL - 2024-06-02 00:06:32 --> [Caused by] mysqli_sql_exception: Unknown column 'cap.capacidad' in 'field list'
in SYSTEMPATH\Database\MySQLi\Connection.php on line 308.
 1 SYSTEMPATH\Database\MySQLi\Connection.php(308): mysqli->query('CALL ConsultarCabañas(\'2024-06-03\', \'2024-06-05\')', 0)
 2 SYSTEMPATH\Database\BaseConnection.php(722): CodeIgniter\Database\MySQLi\Connection->execute('CALL ConsultarCabañas(\'2024-06-03\', \'2024-06-05\')')
 3 SYSTEMPATH\Database\BaseConnection.php(636): CodeIgniter\Database\BaseConnection->simpleQuery('CALL ConsultarCabañas(\'2024-06-03\', \'2024-06-05\')')
 4 APPPATH\Models\CabañaModel.php(26): CodeIgniter\Database\BaseConnection->query('CALL ConsultarCabañas(?, ?)', [...])
 5 APPPATH\Controllers\Cabaña.php(16): App\Models\CabañaModel->consultarCabañas('2024-06-03', '2024-06-05')
 6 SYSTEMPATH\CodeIgniter.php(933): App\Controllers\Cabaña->ver_cabañas()
 7 SYSTEMPATH\CodeIgniter.php(509): CodeIgniter\CodeIgniter->runController(Object(App\Controllers\Cabaña))
 8 SYSTEMPATH\CodeIgniter.php(355): CodeIgniter\CodeIgniter->handleRequest(null, Object(Config\Cache), false)
 9 SYSTEMPATH\Boot.php(312): CodeIgniter\CodeIgniter->run()
10 SYSTEMPATH\Boot.php(67): CodeIgniter\Boot::runCodeIgniter(Object(CodeIgniter\CodeIgniter))
11 FCPATH\index.php(56): CodeIgniter\Boot::bootWeb(Object(Config\Paths))
INFO - 2024-06-02 00:08:51 --> Session: Class initialized using 'CodeIgniter\Session\Handlers\FileHandler' driver.
INFO - 2024-06-02 00:08:52 --> Session: Class initialized using 'CodeIgniter\Session\Handlers\FileHandler' driver.
CRITICAL - 2024-06-02 00:08:52 --> Error: Cannot use object of type stdClass as array
[Method: POST, Route: consultar-cabanas]
in APPPATH\Views\consultar-cabañas.php on line 34.
 1 SYSTEMPATH\View\View.php(234): include()
 2 SYSTEMPATH\View\View.php(237): CodeIgniter\View\View->CodeIgniter\View\{closure}()
 3 SYSTEMPATH\Common.php(1171): CodeIgniter\View\View->render('consultar-cabañas', [], true)
 4 APPPATH\Controllers\Cabaña.php(19): view('consultar-cabañas', [...])
 5 SYSTEMPATH\CodeIgniter.php(933): App\Controllers\Cabaña->ver_cabañas()
 6 SYSTEMPATH\CodeIgniter.php(509): CodeIgniter\CodeIgniter->runController(Object(App\Controllers\Cabaña))
 7 SYSTEMPATH\CodeIgniter.php(355): CodeIgniter\CodeIgniter->handleRequest(null, Object(Config\Cache), false)
 8 SYSTEMPATH\Boot.php(312): CodeIgniter\CodeIgniter->run()
 9 SYSTEMPATH\Boot.php(67): CodeIgniter\Boot::runCodeIgniter(Object(CodeIgniter\CodeIgniter))
10 FCPATH\index.php(56): CodeIgniter\Boot::bootWeb(Object(Config\Paths))
INFO - 2024-06-02 00:12:19 --> Session: Class initialized using 'CodeIgniter\Session\Handlers\FileHandler' driver.
CRITICAL - 2024-06-02 00:12:19 --> ErrorException: Undefined property: stdClass::$cabaña
[Method: POST, Route: consultar-cabanas]
in APPPATH\Views\consultar-cabañas.php on line 45.
 1 APPPATH\Views\consultar-cabañas.php(45): CodeIgniter\Debug\Exceptions->errorHandler(2, 'Undefined property: stdClass::$cabaña', 'C:\\xampp\\htdocs\\sistema-greenhouse\\app\\Views\\consultar-cabañas.php', 45)
 2 SYSTEMPATH\View\View.php(234): include('C:\\xampp\\htdocs\\sistema-greenhouse\\app\\Views\\consultar-cabañas.php')
 3 SYSTEMPATH\View\View.php(237): CodeIgniter\View\View->CodeIgniter\View\{closure}()
 4 SYSTEMPATH\Common.php(1171): CodeIgniter\View\View->render('consultar-cabañas', [], true)
 5 APPPATH\Controllers\Cabaña.php(19): view('consultar-cabañas', [...])
 6 SYSTEMPATH\CodeIgniter.php(933): App\Controllers\Cabaña->ver_cabañas()
 7 SYSTEMPATH\CodeIgniter.php(509): CodeIgniter\CodeIgniter->runController(Object(App\Controllers\Cabaña))
 8 SYSTEMPATH\CodeIgniter.php(355): CodeIgniter\CodeIgniter->handleRequest(null, Object(Config\Cache), false)
 9 SYSTEMPATH\Boot.php(312): CodeIgniter\CodeIgniter->run()
10 SYSTEMPATH\Boot.php(67): CodeIgniter\Boot::runCodeIgniter(Object(CodeIgniter\CodeIgniter))
11 FCPATH\index.php(56): CodeIgniter\Boot::bootWeb(Object(Config\Paths))
INFO - 2024-06-02 00:13:06 --> Session: Class initialized using 'CodeIgniter\Session\Handlers\FileHandler' driver.
CRITICAL - 2024-06-02 00:13:06 --> ErrorException: Undefined property: stdClass::$cabañaid
[Method: POST, Route: consultar-cabanas]
in APPPATH\Views\consultar-cabañas.php on line 45.
 1 APPPATH\Views\consultar-cabañas.php(45): CodeIgniter\Debug\Exceptions->errorHandler(2, 'Undefined property: stdClass::$cabañaid', 'C:\\xampp\\htdocs\\sistema-greenhouse\\app\\Views\\consultar-cabañas.php', 45)
 2 SYSTEMPATH\View\View.php(234): include('C:\\xampp\\htdocs\\sistema-greenhouse\\app\\Views\\consultar-cabañas.php')
 3 SYSTEMPATH\View\View.php(237): CodeIgniter\View\View->CodeIgniter\View\{closure}()
 4 SYSTEMPATH\Common.php(1171): CodeIgniter\View\View->render('consultar-cabañas', [], true)
 5 APPPATH\Controllers\Cabaña.php(19): view('consultar-cabañas', [...])
 6 SYSTEMPATH\CodeIgniter.php(933): App\Controllers\Cabaña->ver_cabañas()
 7 SYSTEMPATH\CodeIgniter.php(509): CodeIgniter\CodeIgniter->runController(Object(App\Controllers\Cabaña))
 8 SYSTEMPATH\CodeIgniter.php(355): CodeIgniter\CodeIgniter->handleRequest(null, Object(Config\Cache), false)
 9 SYSTEMPATH\Boot.php(312): CodeIgniter\CodeIgniter->run()
10 SYSTEMPATH\Boot.php(67): CodeIgniter\Boot::runCodeIgniter(Object(CodeIgniter\CodeIgniter))
11 FCPATH\index.php(56): CodeIgniter\Boot::bootWeb(Object(Config\Paths))
INFO - 2024-06-02 00:13:44 --> Session: Class initialized using 'CodeIgniter\Session\Handlers\FileHandler' driver.
CRITICAL - 2024-06-02 00:13:44 --> ErrorException: Undefined property: stdClass::$id
[Method: POST, Route: consultar-cabanas]
in APPPATH\Views\consultar-cabañas.php on line 45.
 1 APPPATH\Views\consultar-cabañas.php(45): CodeIgniter\Debug\Exceptions->errorHandler(2, 'Undefined property: stdClass::$id', 'C:\\xampp\\htdocs\\sistema-greenhouse\\app\\Views\\consultar-cabañas.php', 45)
 2 SYSTEMPATH\View\View.php(234): include('C:\\xampp\\htdocs\\sistema-greenhouse\\app\\Views\\consultar-cabañas.php')
 3 SYSTEMPATH\View\View.php(237): CodeIgniter\View\View->CodeIgniter\View\{closure}()
 4 SYSTEMPATH\Common.php(1171): CodeIgniter\View\View->render('consultar-cabañas', [], true)
 5 APPPATH\Controllers\Cabaña.php(19): view('consultar-cabañas', [...])
 6 SYSTEMPATH\CodeIgniter.php(933): App\Controllers\Cabaña->ver_cabañas()
 7 SYSTEMPATH\CodeIgniter.php(509): CodeIgniter\CodeIgniter->runController(Object(App\Controllers\Cabaña))
 8 SYSTEMPATH\CodeIgniter.php(355): CodeIgniter\CodeIgniter->handleRequest(null, Object(Config\Cache), false)
 9 SYSTEMPATH\Boot.php(312): CodeIgniter\CodeIgniter->run()
10 SYSTEMPATH\Boot.php(67): CodeIgniter\Boot::runCodeIgniter(Object(CodeIgniter\CodeIgniter))
11 FCPATH\index.php(56): CodeIgniter\Boot::bootWeb(Object(Config\Paths))
INFO - 2024-06-02 00:14:19 --> Session: Class initialized using 'CodeIgniter\Session\Handlers\FileHandler' driver.
CRITICAL - 2024-06-02 00:14:19 --> ErrorException: Undefined property: stdClass::$cabaña_id
[Method: POST, Route: consultar-cabanas]
in APPPATH\Views\consultar-cabañas.php on line 45.
 1 APPPATH\Views\consultar-cabañas.php(45): CodeIgniter\Debug\Exceptions->errorHandler(2, 'Undefined property: stdClass::$cabaña_id', 'C:\\xampp\\htdocs\\sistema-greenhouse\\app\\Views\\consultar-cabañas.php', 45)
 2 SYSTEMPATH\View\View.php(234): include('C:\\xampp\\htdocs\\sistema-greenhouse\\app\\Views\\consultar-cabañas.php')
 3 SYSTEMPATH\View\View.php(237): CodeIgniter\View\View->CodeIgniter\View\{closure}()
 4 SYSTEMPATH\Common.php(1171): CodeIgniter\View\View->render('consultar-cabañas', [], true)
 5 APPPATH\Controllers\Cabaña.php(19): view('consultar-cabañas', [...])
 6 SYSTEMPATH\CodeIgniter.php(933): App\Controllers\Cabaña->ver_cabañas()
 7 SYSTEMPATH\CodeIgniter.php(509): CodeIgniter\CodeIgniter->runController(Object(App\Controllers\Cabaña))
 8 SYSTEMPATH\CodeIgniter.php(355): CodeIgniter\CodeIgniter->handleRequest(null, Object(Config\Cache), false)
 9 SYSTEMPATH\Boot.php(312): CodeIgniter\CodeIgniter->run()
10 SYSTEMPATH\Boot.php(67): CodeIgniter\Boot::runCodeIgniter(Object(CodeIgniter\CodeIgniter))
11 FCPATH\index.php(56): CodeIgniter\Boot::bootWeb(Object(Config\Paths))
INFO - 2024-06-02 00:14:25 --> Session: Class initialized using 'CodeIgniter\Session\Handlers\FileHandler' driver.
CRITICAL - 2024-06-02 00:14:25 --> ErrorException: Undefined property: stdClass::$cabaña
[Method: POST, Route: consultar-cabanas]
in APPPATH\Views\consultar-cabañas.php on line 45.
 1 APPPATH\Views\consultar-cabañas.php(45): CodeIgniter\Debug\Exceptions->errorHandler(2, 'Undefined property: stdClass::$cabaña', 'C:\\xampp\\htdocs\\sistema-greenhouse\\app\\Views\\consultar-cabañas.php', 45)
 2 SYSTEMPATH\View\View.php(234): include('C:\\xampp\\htdocs\\sistema-greenhouse\\app\\Views\\consultar-cabañas.php')
 3 SYSTEMPATH\View\View.php(237): CodeIgniter\View\View->CodeIgniter\View\{closure}()
 4 SYSTEMPATH\Common.php(1171): CodeIgniter\View\View->render('consultar-cabañas', [], true)
 5 APPPATH\Controllers\Cabaña.php(19): view('consultar-cabañas', [...])
 6 SYSTEMPATH\CodeIgniter.php(933): App\Controllers\Cabaña->ver_cabañas()
 7 SYSTEMPATH\CodeIgniter.php(509): CodeIgniter\CodeIgniter->runController(Object(App\Controllers\Cabaña))
 8 SYSTEMPATH\CodeIgniter.php(355): CodeIgniter\CodeIgniter->handleRequest(null, Object(Config\Cache), false)
 9 SYSTEMPATH\Boot.php(312): CodeIgniter\CodeIgniter->run()
10 SYSTEMPATH\Boot.php(67): CodeIgniter\Boot::runCodeIgniter(Object(CodeIgniter\CodeIgniter))
11 FCPATH\index.php(56): CodeIgniter\Boot::bootWeb(Object(Config\Paths))
INFO - 2024-06-02 00:15:11 --> Session: Class initialized using 'CodeIgniter\Session\Handlers\FileHandler' driver.
INFO - 2024-06-02 00:16:12 --> Session: Class initialized using 'CodeIgniter\Session\Handlers\FileHandler' driver.
INFO - 2024-06-02 00:16:21 --> Session: Class initialized using 'CodeIgniter\Session\Handlers\FileHandler' driver.
ERROR - 2024-06-02 00:16:23 --> mysqli_sql_exception: Unknown column 'cap.capacidad' in 'field list' in C:\xampp\htdocs\sistema-greenhouse\system\Database\MySQLi\Connection.php:308
Stack trace:
#0 C:\xampp\htdocs\sistema-greenhouse\system\Database\MySQLi\Connection.php(308): mysqli->query('CALL BuscarCaba...', 0)
#1 C:\xampp\htdocs\sistema-greenhouse\system\Database\BaseConnection.php(722): CodeIgniter\Database\MySQLi\Connection->execute('CALL BuscarCaba...')
#2 C:\xampp\htdocs\sistema-greenhouse\system\Database\BaseConnection.php(636): CodeIgniter\Database\BaseConnection->simpleQuery('CALL BuscarCaba...')
#3 C:\xampp\htdocs\sistema-greenhouse\app\Models\CabañaModel.php(33): CodeIgniter\Database\BaseConnection->query('CALL BuscarCaba...', Array)
#4 C:\xampp\htdocs\sistema-greenhouse\app\Controllers\Cabaña.php(30): App\Models\CabañaModel->buscarCabañaId('1')
#5 C:\xampp\htdocs\sistema-greenhouse\system\CodeIgniter.php(933): App\Controllers\Cabaña->detalles('1')
#6 C:\xampp\htdocs\sistema-greenhouse\system\CodeIgniter.php(509): CodeIgniter\CodeIgniter->runController(Object(App\Controllers\Cabaña))
#7 C:\xampp\htdocs\sistema-greenhouse\system\CodeIgniter.php(355): CodeIgniter\CodeIgniter->handleRequest(NULL, Object(Config\Cache), false)
#8 C:\xampp\htdocs\sistema-greenhouse\system\Boot.php(312): CodeIgniter\CodeIgniter->run()
#9 C:\xampp\htdocs\sistema-greenhouse\system\Boot.php(67): CodeIgniter\Boot::runCodeIgniter(Object(CodeIgniter\CodeIgniter))
#10 C:\xampp\htdocs\sistema-greenhouse\index.php(56): CodeIgniter\Boot::bootWeb(Object(Config\Paths))
#11 {main}
CRITICAL - 2024-06-02 00:16:23 --> CodeIgniter\Database\Exceptions\DatabaseException: Unknown column 'cap.capacidad' in 'field list'
[Method: GET, Route: detalles-cabana/1]
in SYSTEMPATH\Database\BaseConnection.php on line 676.
 1 APPPATH\Models\CabañaModel.php(33): CodeIgniter\Database\BaseConnection->query('CALL BuscarCabañaId(?)', [...])
 2 APPPATH\Controllers\Cabaña.php(30): App\Models\CabañaModel->buscarCabañaId('1')
 3 SYSTEMPATH\CodeIgniter.php(933): App\Controllers\Cabaña->detalles('1')
 4 SYSTEMPATH\CodeIgniter.php(509): CodeIgniter\CodeIgniter->runController(Object(App\Controllers\Cabaña))
 5 SYSTEMPATH\CodeIgniter.php(355): CodeIgniter\CodeIgniter->handleRequest(null, Object(Config\Cache), false)
 6 SYSTEMPATH\Boot.php(312): CodeIgniter\CodeIgniter->run()
 7 SYSTEMPATH\Boot.php(67): CodeIgniter\Boot::runCodeIgniter(Object(CodeIgniter\CodeIgniter))
 8 FCPATH\index.php(56): CodeIgniter\Boot::bootWeb(Object(Config\Paths))
CRITICAL - 2024-06-02 00:16:23 --> [Caused by] CodeIgniter\Database\Exceptions\DatabaseException: Unknown column 'cap.capacidad' in 'field list'
in SYSTEMPATH\Database\MySQLi\Connection.php on line 313.
 1 SYSTEMPATH\Database\BaseConnection.php(722): CodeIgniter\Database\MySQLi\Connection->execute('CALL BuscarCabañaId(\'1\')')
 2 SYSTEMPATH\Database\BaseConnection.php(636): CodeIgniter\Database\BaseConnection->simpleQuery('CALL BuscarCabañaId(\'1\')')
 3 APPPATH\Models\CabañaModel.php(33): CodeIgniter\Database\BaseConnection->query('CALL BuscarCabañaId(?)', [...])
 4 APPPATH\Controllers\Cabaña.php(30): App\Models\CabañaModel->buscarCabañaId('1')
 5 SYSTEMPATH\CodeIgniter.php(933): App\Controllers\Cabaña->detalles('1')
 6 SYSTEMPATH\CodeIgniter.php(509): CodeIgniter\CodeIgniter->runController(Object(App\Controllers\Cabaña))
 7 SYSTEMPATH\CodeIgniter.php(355): CodeIgniter\CodeIgniter->handleRequest(null, Object(Config\Cache), false)
 8 SYSTEMPATH\Boot.php(312): CodeIgniter\CodeIgniter->run()
 9 SYSTEMPATH\Boot.php(67): CodeIgniter\Boot::runCodeIgniter(Object(CodeIgniter\CodeIgniter))
10 FCPATH\index.php(56): CodeIgniter\Boot::bootWeb(Object(Config\Paths))
CRITICAL - 2024-06-02 00:16:23 --> [Caused by] mysqli_sql_exception: Unknown column 'cap.capacidad' in 'field list'
in SYSTEMPATH\Database\MySQLi\Connection.php on line 308.
 1 SYSTEMPATH\Database\MySQLi\Connection.php(308): mysqli->query('CALL BuscarCabañaId(\'1\')', 0)
 2 SYSTEMPATH\Database\BaseConnection.php(722): CodeIgniter\Database\MySQLi\Connection->execute('CALL BuscarCabañaId(\'1\')')
 3 SYSTEMPATH\Database\BaseConnection.php(636): CodeIgniter\Database\BaseConnection->simpleQuery('CALL BuscarCabañaId(\'1\')')
 4 APPPATH\Models\CabañaModel.php(33): CodeIgniter\Database\BaseConnection->query('CALL BuscarCabañaId(?)', [...])
 5 APPPATH\Controllers\Cabaña.php(30): App\Models\CabañaModel->buscarCabañaId('1')
 6 SYSTEMPATH\CodeIgniter.php(933): App\Controllers\Cabaña->detalles('1')
 7 SYSTEMPATH\CodeIgniter.php(509): CodeIgniter\CodeIgniter->runController(Object(App\Controllers\Cabaña))
 8 SYSTEMPATH\CodeIgniter.php(355): CodeIgniter\CodeIgniter->handleRequest(null, Object(Config\Cache), false)
 9 SYSTEMPATH\Boot.php(312): CodeIgniter\CodeIgniter->run()
10 SYSTEMPATH\Boot.php(67): CodeIgniter\Boot::runCodeIgniter(Object(CodeIgniter\CodeIgniter))
11 FCPATH\index.php(56): CodeIgniter\Boot::bootWeb(Object(Config\Paths))
INFO - 2024-06-02 00:17:36 --> Session: Class initialized using 'CodeIgniter\Session\Handlers\FileHandler' driver.
CRITICAL - 2024-06-02 00:17:36 --> Error: Cannot use object of type stdClass as array
[Method: GET, Route: detalles-cabana/1]
in APPPATH\Views\detalles-cabaña.php on line 13.
 1 SYSTEMPATH\View\View.php(234): include()
 2 SYSTEMPATH\View\View.php(237): CodeIgniter\View\View->CodeIgniter\View\{closure}()
 3 SYSTEMPATH\Common.php(1171): CodeIgniter\View\View->render('detalles-cabaña', [], true)
 4 APPPATH\Controllers\Cabaña.php(40): view('detalles-cabaña', [...])
 5 SYSTEMPATH\CodeIgniter.php(933): App\Controllers\Cabaña->detalles('1')
 6 SYSTEMPATH\CodeIgniter.php(509): CodeIgniter\CodeIgniter->runController(Object(App\Controllers\Cabaña))
 7 SYSTEMPATH\CodeIgniter.php(355): CodeIgniter\CodeIgniter->handleRequest(null, Object(Config\Cache), false)
 8 SYSTEMPATH\Boot.php(312): CodeIgniter\CodeIgniter->run()
 9 SYSTEMPATH\Boot.php(67): CodeIgniter\Boot::runCodeIgniter(Object(CodeIgniter\CodeIgniter))
10 FCPATH\index.php(56): CodeIgniter\Boot::bootWeb(Object(Config\Paths))
INFO - 2024-06-02 00:17:41 --> Session: Class initialized using 'CodeIgniter\Session\Handlers\FileHandler' driver.
INFO - 2024-06-02 00:17:43 --> Session: Class initialized using 'CodeIgniter\Session\Handlers\FileHandler' driver.
CRITICAL - 2024-06-02 00:17:43 --> Error: Cannot use object of type stdClass as array
[Method: GET, Route: detalles-cabana/1]
in APPPATH\Views\detalles-cabaña.php on line 13.
 1 SYSTEMPATH\View\View.php(234): include()
 2 SYSTEMPATH\View\View.php(237): CodeIgniter\View\View->CodeIgniter\View\{closure}()
 3 SYSTEMPATH\Common.php(1171): CodeIgniter\View\View->render('detalles-cabaña', [], true)
 4 APPPATH\Controllers\Cabaña.php(40): view('detalles-cabaña', [...])
 5 SYSTEMPATH\CodeIgniter.php(933): App\Controllers\Cabaña->detalles('1')
 6 SYSTEMPATH\CodeIgniter.php(509): CodeIgniter\CodeIgniter->runController(Object(App\Controllers\Cabaña))
 7 SYSTEMPATH\CodeIgniter.php(355): CodeIgniter\CodeIgniter->handleRequest(null, Object(Config\Cache), false)
 8 SYSTEMPATH\Boot.php(312): CodeIgniter\CodeIgniter->run()
 9 SYSTEMPATH\Boot.php(67): CodeIgniter\Boot::runCodeIgniter(Object(CodeIgniter\CodeIgniter))
10 FCPATH\index.php(56): CodeIgniter\Boot::bootWeb(Object(Config\Paths))
INFO - 2024-06-02 00:18:29 --> Session: Class initialized using 'CodeIgniter\Session\Handlers\FileHandler' driver.
INFO - 2024-06-02 00:18:43 --> Session: Class initialized using 'CodeIgniter\Session\Handlers\FileHandler' driver.
INFO - 2024-06-02 00:18:48 --> Session: Class initialized using 'CodeIgniter\Session\Handlers\FileHandler' driver.
INFO - 2024-06-02 00:18:54 --> Session: Class initialized using 'CodeIgniter\Session\Handlers\FileHandler' driver.
INFO - 2024-06-02 00:19:04 --> Session: Class initialized using 'CodeIgniter\Session\Handlers\FileHandler' driver.
INFO - 2024-06-02 00:19:18 --> Session: Class initialized using 'CodeIgniter\Session\Handlers\FileHandler' driver.
INFO - 2024-06-02 00:19:20 --> Session: Class initialized using 'CodeIgniter\Session\Handlers\FileHandler' driver.
INFO - 2024-06-02 00:19:21 --> Session: Class initialized using 'CodeIgniter\Session\Handlers\FileHandler' driver.
INFO - 2024-06-02 00:19:23 --> Session: Class initialized using 'CodeIgniter\Session\Handlers\FileHandler' driver.
INFO - 2024-06-02 00:19:26 --> Session: Class initialized using 'CodeIgniter\Session\Handlers\FileHandler' driver.
INFO - 2024-06-02 00:19:28 --> Session: Class initialized using 'CodeIgniter\Session\Handlers\FileHandler' driver.
INFO - 2024-06-02 00:19:33 --> Session: Class initialized using 'CodeIgniter\Session\Handlers\FileHandler' driver.
INFO - 2024-06-02 00:33:59 --> Session: Class initialized using 'CodeIgniter\Session\Handlers\FileHandler' driver.
INFO - 2024-06-02 00:34:01 --> Session: Class initialized using 'CodeIgniter\Session\Handlers\FileHandler' driver.
INFO - 2024-06-02 00:34:37 --> Session: Class initialized using 'CodeIgniter\Session\Handlers\FileHandler' driver.
INFO - 2024-06-02 00:34:43 --> Session: Class initialized using 'CodeIgniter\Session\Handlers\FileHandler' driver.
INFO - 2024-06-02 00:34:44 --> Session: Class initialized using 'CodeIgniter\Session\Handlers\FileHandler' driver.
INFO - 2024-06-02 00:34:50 --> Session: Class initialized using 'CodeIgniter\Session\Handlers\FileHandler' driver.
INFO - 2024-06-02 00:34:50 --> Session: Class initialized using 'CodeIgniter\Session\Handlers\FileHandler' driver.
INFO - 2024-06-02 00:34:55 --> Session: Class initialized using 'CodeIgniter\Session\Handlers\FileHandler' driver.
INFO - 2024-06-02 00:34:57 --> Session: Class initialized using 'CodeIgniter\Session\Handlers\FileHandler' driver.
INFO - 2024-06-02 00:35:00 --> Session: Class initialized using 'CodeIgniter\Session\Handlers\FileHandler' driver.
INFO - 2024-06-02 00:35:25 --> Session: Class initialized using 'CodeIgniter\Session\Handlers\FileHandler' driver.
INFO - 2024-06-02 00:36:01 --> Session: Class initialized using 'CodeIgniter\Session\Handlers\FileHandler' driver.
INFO - 2024-06-02 00:36:05 --> Session: Class initialized using 'CodeIgniter\Session\Handlers\FileHandler' driver.
INFO - 2024-06-02 00:36:05 --> Session: Class initialized using 'CodeIgniter\Session\Handlers\FileHandler' driver.
INFO - 2024-06-02 00:36:06 --> Session: Class initialized using 'CodeIgniter\Session\Handlers\FileHandler' driver.
INFO - 2024-06-02 00:36:11 --> Session: Class initialized using 'CodeIgniter\Session\Handlers\FileHandler' driver.
INFO - 2024-06-02 00:36:13 --> Session: Class initialized using 'CodeIgniter\Session\Handlers\FileHandler' driver.
INFO - 2024-06-02 00:36:14 --> Session: Class initialized using 'CodeIgniter\Session\Handlers\FileHandler' driver.
INFO - 2024-06-02 00:36:16 --> Session: Class initialized using 'CodeIgniter\Session\Handlers\FileHandler' driver.
INFO - 2024-06-02 00:36:26 --> Session: Class initialized using 'CodeIgniter\Session\Handlers\FileHandler' driver.
INFO - 2024-06-02 00:45:05 --> Session: Class initialized using 'CodeIgniter\Session\Handlers\FileHandler' driver.
INFO - 2024-06-02 00:45:05 --> Session: Class initialized using 'CodeIgniter\Session\Handlers\FileHandler' driver.
INFO - 2024-06-02 00:45:12 --> Session: Class initialized using 'CodeIgniter\Session\Handlers\FileHandler' driver.
INFO - 2024-06-02 01:12:23 --> Session: Class initialized using 'CodeIgniter\Session\Handlers\FileHandler' driver.
INFO - 2024-06-02 01:12:25 --> Session: Class initialized using 'CodeIgniter\Session\Handlers\FileHandler' driver.
INFO - 2024-06-02 01:12:29 --> Session: Class initialized using 'CodeIgniter\Session\Handlers\FileHandler' driver.
INFO - 2024-06-02 01:12:31 --> Session: Class initialized using 'CodeIgniter\Session\Handlers\FileHandler' driver.
INFO - 2024-06-02 01:14:28 --> Session: Class initialized using 'CodeIgniter\Session\Handlers\FileHandler' driver.
INFO - 2024-06-02 01:14:33 --> Session: Class initialized using 'CodeIgniter\Session\Handlers\FileHandler' driver.
